  Boss.cpp
C:\Users\lsnan\Desktop\스트라이커최종\VIRUS_STRIKER\Boss.cpp(16,27): warning C4244: '=': 'int'에서 'float'(으)로 변환하면서 데이터가 손실될 수 있습니다.
  CreditScene.cpp
  DefenseItem.cpp
  Direct3D.cpp
  EndScene.cpp
C:\Users\lsnan\Desktop\스트라이커최종\VIRUS_STRIKER\EndScene.cpp(109,34): warning C4244: '인수': 'int'에서 'const _Elem'(으)로 변환하면서 데이터가 손실될 수 있습니다.
          with
          [
              _Elem=wchar_t
          ]
C:\Users\lsnan\Desktop\스트라이커최종\VIRUS_STRIKER\EndScene.cpp(147,32): warning C4244: '=': 'int'에서 'wchar_t'(으)로 변환하면서 데이터가 손실될 수 있습니다.
  Enemy.cpp
  Entity.cpp
  GameScene.cpp
C:\Users\lsnan\Desktop\스트라이커최종\VIRUS_STRIKER\GameScene.cpp(80,58): warning C4244: '인수': 'float'에서 'int'(으)로 변환하면서 데이터가 손실될 수 있습니다.
C:\Users\lsnan\Desktop\스트라이커최종\VIRUS_STRIKER\GameScene.cpp(289,27): warning C4244: '=': 'float'에서 'int'(으)로 변환하면서 데이터가 손실될 수 있습니다.
  HealItem.cpp
  Heart.cpp
  HelpScene.cpp
C:\Users\lsnan\Desktop\스트라이커최종\VIRUS_STRIKER\HelpScene.cpp(53,83): warning C4554: '&': 연산자 우선 순위에 오류가 있는지 확인하세요. 괄호를 사용하여 우선 순위를 명확하게 지정하세요.
C:\Users\lsnan\Desktop\스트라이커최종\VIRUS_STRIKER\HelpScene.cpp(58,85): warning C4554: '&': 연산자 우선 순위에 오류가 있는지 확인하세요. 괄호를 사용하여 우선 순위를 명확하게 지정하세요.
C:\Users\lsnan\Desktop\스트라이커최종\VIRUS_STRIKER\HelpScene.cpp(73,17): warning C4389: '==': signed 또는 unsigned가 일치하지 않습니다.
  Input.cpp
  IntroScene.cpp
  Item.cpp
  Main.cpp
C:\Users\lsnan\Desktop\스트라이커최종\VIRUS_STRIKER\Main.cpp(9,42): warning C4244: '인수': 'WPARAM'에서 'int'(으)로 변환하면서 데이터가 손실될 수 있습니다.
C:\Users\lsnan\Desktop\스트라이커최종\VIRUS_STRIKER\Main.cpp(13,42): warning C4244: '인수': 'WPARAM'에서 'int'(으)로 변환하면서 데이터가 손실될 수 있습니다.
  Map.cpp
C:\Users\lsnan\Desktop\스트라이커최종\VIRUS_STRIKER\Map.cpp(299,13): warning C4244: '인수': 'time_t'에서 'unsigned int'(으)로 변환하면서 데이터가 손실될 수 있습니다.
  Number.cpp
  Object.cpp
  Player.cpp
C:\Users\lsnan\Desktop\스트라이커최종\VIRUS_STRIKER\Player.cpp(87,7): warning C4189: 'GetPlayersPos': 지역 변수가 초기화되었으나 참조되지 않았습니다.
  RandomItem.cpp
  컴파일하고 있습니다...
  RankScene.cpp
  Scene.cpp
  Sound.cpp
  SpeedItem.cpp
  Sprite.cpp
  Str.cpp
  Texture.cpp
  TitleScene.cpp
  UiSprite.cpp
  VIrus_Flash.cpp
C:\Users\lsnan\Desktop\스트라이커최종\VIRUS_STRIKER\VIrus_Flash.cpp(17,27): warning C4244: '=': 'int'에서 'float'(으)로 변환하면서 데이터가 손실될 수 있습니다.
  Virus_Big.cpp
C:\Users\lsnan\Desktop\스트라이커최종\VIRUS_STRIKER\Virus_Big.cpp(16,27): warning C4244: '=': 'int'에서 'float'(으)로 변환하면서 데이터가 손실될 수 있습니다.
  Virus_Speed.cpp
C:\Users\lsnan\Desktop\스트라이커최종\VIRUS_STRIKER\Virus_Speed.cpp(19,27): warning C4244: '=': 'int'에서 'float'(으)로 변환하면서 데이터가 손실될 수 있습니다.
  invincible.cpp
  코드를 생성하고 있습니다.
  6 of 1763 functions ( 0.3%) were compiled, the rest were copied from previous compilation.
    0 functions were new in current compilation
    12 functions had inline decision re-evaluated but remain unchanged
  코드를 생성했습니다.
  Textures_2010.vcxproj -> C:\Users\lsnan\Desktop\스트라이커최종\VIRUS_STRIKER\x64\Release\VIRUS_STRIKER.exe
